DEB [20150609-05:08:39.551] thr=1   paramiko.transport: starting thread (client mode): 0xb6d0210cL
INF [20150609-05:08:39.558] thr=1   paramiko.transport: Connected (version 2.0, client OpenSSH_4.3)
DEB [20150609-05:08:39.563] thr=1   paramiko.transport: kex algos:[u'diffie-hellman-group-exchange-sha1', u'diffie-hellman-group14-sha1', u'diffie-hellman-group1-sha1'] server key:[u'ssh-rsa', u'ssh-dss'] client encrypt:[u'aes128-ctr', u'aes192-ctr', u'aes256-ctr', u'arcfour256', u'arcfour128', u'aes128-cbc', u'3des-cbc', u'blowfish-cbc', u'cast128-cbc', u'aes192-cbc', u'aes256-cbc', u'arcfour', u'rijndael-cbc@lysator.liu.se'] server encrypt:[u'aes128-ctr', u'aes192-ctr', u'aes256-ctr', u'arcfour256', u'arcfour128', u'aes128-cbc', u'3des-cbc', u'blowfish-cbc', u'cast128-cbc', u'aes192-cbc', u'aes256-cbc', u'arcfour', u'rijndael-cbc@lysator.liu.se'] client mac:[u'hmac-md5', u'hmac-sha1', u'hmac-ripemd160', u'hmac-ripemd160@openssh.com', u'hmac-sha1-96', u'hmac-md5-96'] server mac:[u'hmac-md5', u'hmac-sha1', u'hmac-ripemd160', u'hmac-ripemd160@openssh.com', u'hmac-sha1-96', u'hmac-md5-96'] client compress:[u'none', u'zlib@openssh.com'] server compress:[u'none', u'zlib@openssh.com'] client lang:[u''] server lang:[u''] kex follows?False
DEB [20150609-05:08:39.563] thr=1   paramiko.transport: Ciphers agreed: local=aes128-ctr, remote=aes128-ctr
DEB [20150609-05:08:39.563] thr=1   paramiko.transport: using kex diffie-hellman-group14-sha1; server key type ssh-rsa; cipher: local aes128-ctr, remote aes128-ctr; mac: local hmac-sha1, remote hmac-sha1; compression: local none, remote none
DEB [20150609-05:08:39.710] thr=1   paramiko.transport: Switch to new keys ...
DEB [20150609-05:08:39.712] thr=2   paramiko.transport: Trying SSH agent key 50a98cc07b1d19fa48007a36f0b57cb8
DEB [20150609-05:08:39.752] thr=1   paramiko.transport: userauth is OK
INF [20150609-05:08:39.908] thr=1   paramiko.transport: Authentication (publickey) failed.
DEB [20150609-05:08:39.916] thr=2   paramiko.transport: Trying discovered key 50a98cc07b1d19fa48007a36f0b57cb8 in /home/lyp/.ssh/id_rsa
DEB [20150609-05:08:39.919] thr=1   paramiko.transport: userauth is OK
INF [20150609-05:08:40.773] thr=1   paramiko.transport: Authentication (publickey) failed.
DEB [20150609-05:08:40.777] thr=1   paramiko.transport: userauth is OK
INF [20150609-05:08:40.781] thr=1   paramiko.transport: Authentication (password) successful!
DEB [20150609-05:08:40.786] thr=2   paramiko.transport: [chan 0] Max packet in: 32768 bytes
DEB [20150609-05:08:40.803] thr=1   paramiko.transport: [chan 0] Max packet out: 32768 bytes
DEB [20150609-05:08:40.803] thr=1   paramiko.transport: Secsh channel 0 opened.
DEB [20150609-05:08:40.808] thr=1   paramiko.transport: [chan 0] Sesch channel 0 request ok
DEB [20150609-05:08:40.811] thr=1   paramiko.transport: [chan 0] Sesch channel 0 request ok
DEB [20150609-05:08:40.871] thr=1   paramiko.transport: EOF in transport thread
